<?xml version="1.0" encoding="UTF-8"?>
<!-- Generated by org.testng.reporters.JUnitReportReporter -->
<testsuite hostname="DESKTOP-2HN1I9B" failures="0" tests="1" name="apitestingpractice.Apipra" time="2.900" errors="0" timestamp="2024-10-16T08:41:35 IST" skipped="0">
  <testcase classname="apitestingpractice.Apipra" name="vin" time="2.900"/>
</testsuite> <!-- apitestingpractice.Apipra -->
